<?xml version="1.0" encoding="UTF-8"?>
<!-- Generated by org.testng.reporters.JUnitReportReporter -->
<testsuite hostname="LAPTOP-NLCM47PM" failures="0" tests="2" name="practice.login" time="0.006" errors="0" timestamp="2022-01-10T22:56:11 IST" skipped="0">
  <testcase classname="practice.login" name="atest1" time="0.005"/>
  <system-out/>
  <testcase classname="practice.login" name="btest2" time="0.001"/>
  <system-out/>
</testsuite> <!-- practice.login -->
