<?xml version="1.0" encoding="UTF-8"?>
<!-- Generated by org.testng.reporters.JUnitReportReporter -->
<testsuite hostname="LAPTOP-NLCM47PM" failures="0" tests="2" name="Listener_Demo.listener" time="30.190" errors="0" timestamp="2022-01-13T13:17:21 IST" skipped="0">
  <testcase classname="Listener_Demo.listener" name="Login" time="26.807"/>
  <system-out/>
  <testcase classname="Listener_Demo.listener" name="closeDriver" time="3.383"/>
  <system-out/>
</testsuite> <!-- Listener_Demo.listener -->
