<?xml version="1.0" encoding="UTF-8"?>
<!-- Generated by org.testng.reporters.JUnitReportReporter -->
<testsuite hostname="LAPTOP-NLCM47PM" failures="0" tests="1" name="practice.vrifyTitleTest" time="4.266" errors="0" timestamp="2022-01-10T21:55:44 IST" skipped="0">
  <testcase classname="practice.vrifyTitleTest" name="TitleTest" time="4.266"/>
  <system-out/>
</testsuite> <!-- practice.vrifyTitleTest -->
