<?xml version="1.0" encoding="UTF-8"?>
<!-- Generated by org.testng.reporters.JUnitReportReporter -->
<testsuite hostname="LAPTOP-NLCM47PM" failures="0" tests="2" name="Listener_Demo.listener" time="7.905" errors="0" timestamp="2022-01-22T12:16:26 IST" skipped="0">
  <testcase classname="Listener_Demo.listener" name="Login" time="6.367"/>
  <system-out/>
  <testcase classname="Listener_Demo.listener" name="closeDriver" time="1.538"/>
  <system-out/>
</testsuite> <!-- Listener_Demo.listener -->
